<?xml version="1.0" encoding="UTF-8"?>
<!-- Generated by org.testng.reporters.JUnitXMLReporter -->
<testsuite ignored="0" hostname="DESKTOP-9IDS775" failures="0" tests="2" name="ClipBoard Assignment" time="20.089" errors="0" timestamp="2023-01-04T17:41:48 EST">
  <testcase classname="com.clipboard.qa.testcases.DisplayResult" name="displayResult" time="5.733"/>
  <testcase classname="com.clipboard.qa.testcases.DisplayResult" name="sortedResultsValidation" time="9.481"/>
</testsuite> <!-- ClipBoard Assignment -->
